
2018-10-20 21:27:40,672, payers : Start work of script
2018-10-20 21:27:40,673, payers : Create item in payments dictionary: Ron Weasley
2018-10-20 21:27:40,673, payers : add payment for Ron Weasley: 99.95 USD - 2018-08-21
2018-10-20 21:27:40,679, payers : Create item in payments dictionary: Rubeus Hagrid
2018-10-20 21:27:40,679, payers : add payment for Rubeus Hagrid: 861.4 USD - 2018-08-21
2018-10-20 21:27:40,679, payers : Create item in payments dictionary: Vernon Dursley
2018-10-20 21:27:40,679, payers : add payment for Vernon Dursley: 761.81 EUR - 2018-08-21
2018-10-20 21:27:40,680, payers : Create item in payments dictionary: Lucius Malfoy
2018-10-20 21:27:40,680, payers : add payment for Lucius Malfoy: 322.88 USD - 2018-08-21
2018-10-20 21:27:40,680, payers : add payment for Vernon Dursley: 913.84 EUR - 2018-08-21
2018-10-20 21:27:40,680, payers : Create item in payments dictionary: Petunia Dursley
2018-10-20 21:27:40,680, payers : add payment for Petunia Dursley: 352.13 EUR - 2018-08-21
2018-10-20 21:27:40,680, payers : add payment for Lucius Malfoy: 926.14 USD - 2018-08-21
2018-10-20 21:27:40,680, payers : Create item in payments dictionary: Molly Weasley
2018-10-20 21:27:40,680, payers : add payment for Molly Weasley: 650.69 EUR - 2018-08-21
2018-10-20 21:27:40,680, payers : Create item in payments dictionary: Sirius Black
2018-10-20 21:27:40,680, payers : add payment for Sirius Black: 91.52 EUR - 2018-08-21
2018-10-20 21:27:40,681, payers : add payment for Sirius Black: 438.32 USD - 2018-08-21
2018-10-20 21:27:40,681, payers : Create item in payments dictionary: Narcissa Malfoy
2018-10-20 21:27:40,681, payers : add payment for Narcissa Malfoy: 964.2 USD - 2018-08-21
2018-10-20 21:27:40,681, payers : add payment for Petunia Dursley: 394.54 USD - 2018-08-21
2018-10-20 21:27:40,681, payers : Create item in payments dictionary: Draco Malfoy
2018-10-20 21:27:40,681, payers : add payment for Draco Malfoy: 184.03 USD - 2018-08-21
2018-10-20 21:27:40,681, payers : Create item in payments dictionary: Bellatrix Lestrange
2018-10-20 21:27:40,681, payers : add payment for Bellatrix Lestrange: 906.32 EUR - 2018-08-21
2018-10-20 21:27:40,681, payers : add payment for Rubeus Hagrid: 297.58 EUR - 2018-08-21
2018-10-20 21:27:40,682, payers : add payment for Vernon Dursley: 469 USD - 2018-08-21
2018-10-20 21:27:40,682, payers : Create item in payments dictionary: Ginny Weasley
2018-10-20 21:27:40,682, payers : add payment for Ginny Weasley: 50.56 USD - 2018-08-21
2018-10-20 21:27:40,682, payers : add payment for Sirius Black: 99 USD - 2018-08-21
2018-10-20 21:27:40,682, payers : add payment for Vernon Dursley: 706 USD - 2018-08-21
2018-10-20 21:27:40,682, payers : add payment for Narcissa Malfoy: 652 USD - 2018-08-21
2018-10-20 21:27:40,682, payers : add payment for Ginny Weasley: 114 USD - 2018-08-21
2018-10-20 21:27:40,683, payers : Create item in payments dictionary: Peter Pettigrew
2018-10-20 21:27:40,683, payers : add payment for Peter Pettigrew: 978 USD - 2018-08-21
2018-10-20 21:27:40,683, payers : add payment for Peter Pettigrew: 950.7 USD - 2018-08-21
2018-10-20 21:27:40,683, payers : Create item in payments dictionary: Phoebe Buffay
2018-10-20 21:27:40,683, payers : add payment for Phoebe Buffay: 8.46 EUR - 2018-08-21
2018-10-20 21:27:40,683, payers : add payment for Molly Weasley: 783.83 EUR - 2018-08-21
2018-10-20 21:27:40,683, payers : Create item in payments dictionary: Rachel Green
2018-10-20 21:27:40,683, payers : add payment for Rachel Green: 343.93 USD - 2018-08-21
2018-10-20 21:27:40,683, payers : add payment for Lucius Malfoy: 39.43 USD - 2018-08-21
2018-10-20 21:27:40,684, payers : Create item in payments dictionary: Dolores Umbridge
2018-10-20 21:27:40,684, payers : add payment for Dolores Umbridge: 989.38 USD - 2018-08-21
2018-10-20 21:27:40,684, payers : add payment for Vernon Dursley: 355.31 EUR - 2018-08-21
2018-10-20 21:27:40,684, payers : add payment for Vernon Dursley: 750 USD - 2018-08-21
2018-10-20 21:27:40,684, payers : Create item in payments dictionary: Joseph Tribbiani
2018-10-20 21:27:40,684, payers : add payment for Joseph Tribbiani: 948.19 EUR - 2018-08-21
2018-10-20 21:27:40,684, payers : add payment for Molly Weasley: 607.7 EUR - 2018-08-21
2018-10-20 21:27:40,684, payers : add payment for Ginny Weasley: 582 USD - 2018-08-21
2018-10-20 21:27:40,684, payers : add payment for Molly Weasley: 508.73 USD - 2018-08-21
2018-10-20 21:27:40,684, payers : add payment for Draco Malfoy: 889.71 USD - 2018-08-21
2018-10-20 21:27:40,684, payers : add payment for Dolores Umbridge: 125.08 USD - 2018-08-21
2018-10-20 21:27:40,685, payers : Create item in payments dictionary: Severus Snape
2018-10-20 21:27:40,685, payers : add payment for Severus Snape: 592.55 USD - 2018-08-21
2018-10-20 21:27:40,685, payers : Create item in payments dictionary: Harry Potter
2018-10-20 21:27:40,685, payers : add payment for Harry Potter: 274.27 USD - 2018-08-21
2018-10-20 21:27:40,685, payers : add payment for Phoebe Buffay: 494.18 USD - 2018-08-21
2018-10-20 21:27:40,685, payers : Create item in payments dictionary: Remus Lupin
2018-10-20 21:27:40,685, payers : add payment for Remus Lupin: 691.91 EUR - 2018-08-21
2018-10-20 21:27:40,685, payers : add payment for Sirius Black: 85.37 EUR - 2018-08-21
2018-10-20 21:27:40,685, payers : add payment for Phoebe Buffay: 787.4 USD - 2018-08-21
2018-10-20 21:27:40,685, payers : add payment for Narcissa Malfoy: 582.3 USD - 2018-08-21
2018-10-20 21:27:40,686, payers : add payment for Peter Pettigrew: 229 EUR - 2018-08-21
2018-10-20 21:27:40,686, payers : add payment for Petunia Dursley: 67.94 USD - 2018-08-21
2018-10-20 21:27:40,686, payers : add payment for Draco Malfoy: 418.35 USD - 2018-08-21
2018-10-20 21:27:40,686, payers : add payment for Lucius Malfoy: 795.0 USD - 2018-08-21
2018-10-20 21:27:40,686, payers : add payment for Remus Lupin: 128.94 USD - 2018-08-21
2018-10-20 21:27:40,686, payers : add payment for Peter Pettigrew: 733.27 USD - 2018-08-21
2018-10-20 21:27:40,686, payers : add payment for Remus Lupin: 149 EUR - 2018-08-21
2018-10-20 21:27:40,686, payers : add payment for Dolores Umbridge: 767.37 EUR - 2018-08-21
2018-10-20 21:27:40,686, payers : add payment for Rachel Green: 462.54 USD - 2018-08-21
2018-10-20 21:27:40,686, payers : add payment for Lucius Malfoy: 173.7 EUR - 2018-08-21
2018-10-20 21:27:40,687, payers : add payment for Ginny Weasley: 973.89 USD - 2018-08-21
2018-10-20 21:27:40,687, payers : add payment for Draco Malfoy: 946.87 EUR - 2018-08-21
2018-10-20 21:27:40,687, payers : add payment for Remus Lupin: 140.62 USD - 2018-08-21
2018-10-20 21:27:40,687, payers : add payment for Rachel Green: 899 USD - 2018-08-21
2018-10-20 21:27:40,687, payers : add payment for Dolores Umbridge: 841.64 EUR - 2018-08-21
2018-10-20 21:27:40,687, payers : add payment for Petunia Dursley: 414.72 USD - 2018-08-21
2018-10-20 21:27:40,687, payers : add payment for Narcissa Malfoy: 237.46 USD - 2018-08-21
2018-10-20 21:27:40,687, payers : add payment for Peter Pettigrew: 412.92 USD - 2018-08-21
2018-10-20 21:27:40,687, payers : add payment for Narcissa Malfoy: 401.11 USD - 2018-08-21
2018-10-20 21:27:40,687, payers : add payment for Harry Potter: 257.2 USD - 2018-08-21
2018-10-20 21:27:40,687, payers : add payment for Dolores Umbridge: 882.6 USD - 2018-08-21
2018-10-20 21:27:40,687, payers : add payment for Draco Malfoy: 573 USD - 2018-08-21
2018-10-20 21:27:40,687, payers : add payment for Bellatrix Lestrange: 407.35 USD - 2018-08-21
2018-10-20 21:27:40,687, payers : Create item in payments dictionary: Hermione Granger
2018-10-20 21:27:40,688, payers : add payment for Hermione Granger: 259 USD - 2018-08-21
2018-10-20 21:27:40,688, payers : add payment for Hermione Granger: 602.61 USD - 2018-08-21
2018-10-20 21:27:40,688, payers : add payment for Vernon Dursley: 781.46 EUR - 2018-08-21
2018-10-20 21:27:40,688, payers : add payment for Lucius Malfoy: 886.47 USD - 2018-08-21
2018-10-20 21:27:40,688, payers : add payment for Joseph Tribbiani: 830.73 EUR - 2018-08-21
2018-10-20 21:27:40,688, payers : add payment for Narcissa Malfoy: 543.13 USD - 2018-08-21
2018-10-20 21:27:40,688, payers : add payment for Sirius Black: 555.12 EUR - 2018-08-21
2018-10-20 21:27:40,688, payers : add payment for Rachel Green: 807.92 USD - 2018-08-21
2018-10-20 21:27:40,688, payers : add payment for Peter Pettigrew: 945 USD - 2018-08-21
2018-10-20 21:27:40,688, payers : Create item in payments dictionary: Albus Dumbledore
2018-10-20 21:27:40,688, payers : add payment for Albus Dumbledore: 845.72 USD - 2018-08-21
2018-10-20 21:27:40,688, payers : add payment for Remus Lupin: 311.42 EUR - 2018-08-21
2018-10-20 21:27:40,688, payers : add payment for Lucius Malfoy: 203.62 USD - 2018-08-21
2018-10-20 21:27:40,688, payers : add payment for Sirius Black: 648.55 USD - 2018-08-21
2018-10-20 21:27:40,688, payers : add payment for Joseph Tribbiani: 566.71 USD - 2018-08-21
2018-10-20 21:27:40,689, payers : add payment for Remus Lupin: 111.65 USD - 2018-08-21
2018-10-20 21:27:40,689, payers : add payment for Lucius Malfoy: 31 USD - 2018-08-21
2018-10-20 21:27:40,689, payers : add payment for Sirius Black: 646.38 USD - 2018-08-21
2018-10-20 21:27:40,689, payers : add payment for Rubeus Hagrid: 96.38 EUR - 2018-08-21
2018-10-20 21:27:40,689, payers : add payment for Rubeus Hagrid: 229.87 USD - 2018-08-21
2018-10-20 21:27:40,689, payers : add payment for Rachel Green: 162.51 USD - 2018-08-21
2018-10-20 21:27:40,689, payers : add payment for Molly Weasley: 467.83 EUR - 2018-08-21
2018-10-20 21:27:40,689, payers : add payment for Narcissa Malfoy: 497.33 EUR - 2018-08-21
2018-10-20 21:27:40,689, payers : add payment for Severus Snape: 874.89 EUR - 2018-08-21
2018-10-20 21:27:40,689, payers : add payment for Peter Pettigrew: 779.18 USD - 2018-08-21
2018-10-20 21:27:40,689, payers : add payment for Bellatrix Lestrange: 605.31 USD - 2018-08-21
2018-10-20 21:27:40,689, payers : add payment for Molly Weasley: 139 USD - 2018-08-21
2018-10-20 21:27:40,689, payers : add payment for Remus Lupin: 887.22 USD - 2018-08-21
2018-10-20 21:27:40,689, payers : add payment for Bellatrix Lestrange: 115.33 USD - 2018-08-21
2018-10-20 21:27:40,689, payers : add payment for Ron Weasley: 686 USD - 2018-08-21
2018-10-20 21:27:40,689, payers : add payment for Petunia Dursley: 37.98 USD - 2018-08-21
2018-10-20 21:27:40,690, payers : add payment for Hermione Granger: 938.25 USD - 2018-08-21
2018-10-20 21:27:40,690, payers : add payment for Peter Pettigrew: 937.19 USD - 2018-08-21
2018-10-20 21:27:40,690, payers : add payment for Remus Lupin: 329.76 EUR - 2018-08-20
2018-10-20 21:27:40,690, payers : add payment for Severus Snape: 397 EUR - 2018-08-20
2018-10-20 21:27:40,690, payers : add payment for Lucius Malfoy: 847.44 USD - 2018-08-20
2018-10-20 21:27:40,690, payers : add payment for Ron Weasley: 929.93 USD - 2018-08-20
2018-10-20 21:27:40,690, payers : add payment for Sirius Black: 573.58 USD - 2018-08-20
2018-10-20 21:27:40,690, payers : add payment for Harry Potter: 930.93 USD - 2018-08-20
2018-10-20 21:27:40,690, payers : add payment for Rachel Green: 102.85 EUR - 2018-08-20
2018-10-20 21:27:40,690, payers : add payment for Rachel Green: 951.79 USD - 2018-08-20
2018-10-20 21:27:40,690, payers : add payment for Ginny Weasley: 658.85 USD - 2018-08-20
2018-10-20 21:27:40,690, payers : Create item in payments dictionary: Chandler Bing
2018-10-20 21:27:40,690, payers : add payment for Chandler Bing: 254 USD - 2018-08-20
2018-10-20 21:27:40,691, payers : add payment for Phoebe Buffay: 767.04 USD - 2018-08-20
2018-10-20 21:27:40,691, payers : add payment for Ron Weasley: 299.8 USD - 2018-08-20
2018-10-20 21:27:40,691, payers : add payment for Hermione Granger: 990 USD - 2018-08-20
2018-10-20 21:27:40,691, payers : add payment for Rachel Green: 314.03 USD - 2018-08-20
2018-10-20 21:27:40,691, payers : add payment for Ginny Weasley: 863.81 USD - 2018-08-20
2018-10-20 21:27:40,691, payers : add payment for Remus Lupin: 276 USD - 2018-08-20
2018-10-20 21:27:40,691, payers : add payment for Molly Weasley: 454 USD - 2018-08-20
2018-10-20 21:27:40,691, payers : add payment for Ron Weasley: 996.85 USD - 2018-08-20
2018-10-20 21:27:40,691, payers : add payment for Sirius Black: 991.37 USD - 2018-08-20
2018-10-20 21:27:40,691, payers : add payment for Petunia Dursley: 214 USD - 2018-08-20
2018-10-20 21:27:40,691, payers : add payment for Bellatrix Lestrange: 995.82 USD - 2018-08-20
2018-10-20 21:27:40,691, payers : add payment for Phoebe Buffay: 474.21 USD - 2018-08-20
2018-10-20 21:27:40,691, payers : add payment for Chandler Bing: 127.21 USD - 2018-08-20
2018-10-20 21:27:40,692, payers : add payment for Phoebe Buffay: 147.27 EUR - 2018-08-20
2018-10-20 21:27:40,692, payers : add payment for Bellatrix Lestrange: 410.89 EUR - 2018-08-20
2018-10-20 21:27:40,692, payers : add payment for Rachel Green: 785.16 EUR - 2018-08-20
2018-10-20 21:27:40,692, payers : add payment for Rubeus Hagrid: 380.27 EUR - 2018-08-20
2018-10-20 21:27:40,692, payers : add payment for Phoebe Buffay: 595 USD - 2018-08-20
2018-10-20 21:27:40,692, payers : add payment for Phoebe Buffay: 629.84 EUR - 2018-08-20
2018-10-20 21:27:40,692, payers : Create item in payments dictionary: Ross Geller
2018-10-20 21:27:40,692, payers : add payment for Ross Geller: 490 USD - 2018-08-20
2018-10-20 21:27:40,692, payers : add payment for Vernon Dursley: 921 USD - 2018-08-20
2018-10-20 21:27:40,692, payers : add payment for Narcissa Malfoy: 837 EUR - 2018-08-20
2018-10-20 21:27:40,692, payers : add payment for Remus Lupin: 940 USD - 2018-08-20
2018-10-20 21:27:40,692, payers : add payment for Rubeus Hagrid: 227.32 USD - 2018-08-20
2018-10-20 21:27:40,692, payers : add payment for Dolores Umbridge: 728.82 EUR - 2018-08-20
2018-10-20 21:27:40,692, payers : add payment for Vernon Dursley: 832.06 EUR - 2018-08-20
2018-10-20 21:27:40,692, payers : Create item in payments dictionary: Monica Geller
2018-10-20 21:27:40,692, payers : add payment for Monica Geller: 696.56 EUR - 2018-08-20
2018-10-20 21:27:40,693, payers : add payment for Bellatrix Lestrange: 729.88 EUR - 2018-08-20
2018-10-20 21:27:40,693, payers : add payment for Rubeus Hagrid: 340.31 EUR - 2018-08-20
2018-10-20 21:27:40,693, payers : add payment for Monica Geller: 809.54 USD - 2018-08-20
2018-10-20 21:27:40,693, payers : add payment for Vernon Dursley: 454.53 EUR - 2018-08-20
2018-10-20 21:27:40,693, payers : add payment for Remus Lupin: 576.83 USD - 2018-08-20
2018-10-20 21:27:40,693, payers : add payment for Harry Potter: 280.49 USD - 2018-08-20
2018-10-20 21:27:40,693, payers : add payment for Harry Potter: 917.72 USD - 2018-08-20
2018-10-20 21:27:40,693, payers : add payment for Rubeus Hagrid: 572.5 USD - 2018-08-20
2018-10-20 21:27:40,693, payers : add payment for Harry Potter: 314.02 USD - 2018-08-20
2018-10-20 21:27:40,693, payers : add payment for Narcissa Malfoy: 188.64 EUR - 2018-08-20
2018-10-20 21:27:40,693, payers : add payment for Phoebe Buffay: 294.11 EUR - 2018-08-20
2018-10-20 21:27:40,693, payers : add payment for Harry Potter: 206.81 USD - 2018-08-20
2018-10-20 21:27:40,693, payers : add payment for Harry Potter: 611.35 USD - 2018-08-20
2018-10-20 21:27:40,693, payers : add payment for Albus Dumbledore: 313.39 USD - 2018-08-20
2018-10-20 21:27:40,693, payers : add payment for Hermione Granger: 533 EUR - 2018-08-20
2018-10-20 21:27:40,694, payers : add payment for Remus Lupin: 66.1 USD - 2018-08-20
2018-10-20 21:27:40,694, payers : add payment for Ron Weasley: 668 USD - 2018-08-20
2018-10-20 21:27:40,694, payers : add payment for Dolores Umbridge: 91 USD - 2018-08-20
2018-10-20 21:27:40,694, payers : add payment for Phoebe Buffay: 163.27 USD - 2018-08-20
2018-10-20 21:27:40,694, payers : add payment for Phoebe Buffay: 261.54 EUR - 2018-08-20
2018-10-20 21:27:40,696, payers : add payment for Molly Weasley: 219.56 USD - 2018-08-20
2018-10-20 21:27:40,696, payers : add payment for Petunia Dursley: 245.93 USD - 2018-08-20
2018-10-20 21:27:40,696, payers : add payment for Narcissa Malfoy: 199 EUR - 2018-08-20
2018-10-20 21:27:40,696, payers : add payment for Ginny Weasley: 409.49 USD - 2018-08-20
2018-10-20 21:27:40,696, payers : add payment for Vernon Dursley: 515.2 USD - 2018-08-20
2018-10-20 21:27:40,696, payers : add payment for Phoebe Buffay: 268.84 EUR - 2018-08-20
2018-10-20 21:27:40,696, payers : add payment for Ross Geller: 253.3 USD - 2018-08-20
2018-10-20 21:27:40,697, payers : add payment for Hermione Granger: 338 USD - 2018-08-20
2018-10-20 21:27:40,697, payers : add payment for Draco Malfoy: 701 USD - 2018-08-20
2018-10-20 21:27:40,697, payers : add payment for Ginny Weasley: 548.81 USD - 2018-08-20
2018-10-20 21:27:40,697, payers : add payment for Phoebe Buffay: 51.77 EUR - 2018-08-20
2018-10-20 21:27:40,697, payers : add payment for Petunia Dursley: 284.14 EUR - 2018-08-20
2018-10-20 21:27:40,697, payers : add payment for Sirius Black: 540.22 EUR - 2018-08-20
2018-10-20 21:27:40,697, payers : add payment for Petunia Dursley: 979 EUR - 2018-08-20
2018-10-20 21:27:40,697, payers : add payment for Phoebe Buffay: 375.83 EUR - 2018-08-20
2018-10-20 21:27:40,697, payers : add payment for Ross Geller: 344 USD - 2018-08-20
2018-10-20 21:27:40,697, payers : add payment for Albus Dumbledore: 487.34 USD - 2018-08-20
2018-10-20 21:27:40,697, payers : add payment for Dolores Umbridge: 827.45 USD - 2018-08-20
2018-10-20 21:27:40,697, payers : add payment for Bellatrix Lestrange: 846.78 EUR - 2018-08-20
2018-10-20 21:27:40,697, payers : add payment for Sirius Black: 942.24 USD - 2018-08-20
2018-10-20 21:27:40,697, payers : add payment for Albus Dumbledore: 263.62 USD - 2018-08-20
2018-10-20 21:27:40,697, payers : add payment for Rubeus Hagrid: 410.99 EUR - 2018-08-20
2018-10-20 21:27:40,697, payers : add payment for Dolores Umbridge: 543.66 EUR - 2018-08-20
2018-10-20 21:27:40,698, payers : add payment for Vernon Dursley: 87.86 EUR - 2018-08-20
2018-10-20 21:27:40,698, payers : add payment for Hermione Granger: 558.17 USD - 2018-08-20
2018-10-20 21:27:40,698, payers : add payment for Narcissa Malfoy: 313.87 USD - 2018-08-20
2018-10-20 21:27:40,698, payers : add payment for Monica Geller: 914.42 USD - 2018-08-20
2018-10-20 21:27:40,698, payers : add payment for Rachel Green: 815.77 USD - 2018-08-20
2018-10-20 21:27:40,698, payers : add payment for Ross Geller: 944.6 USD - 2018-08-20
2018-10-20 21:27:40,698, payers : add payment for Severus Snape: 263 USD - 2018-08-20
2018-10-20 21:27:40,698, payers : add payment for Ginny Weasley: 854.27 EUR - 2018-08-20
2018-10-20 21:27:40,698, payers : add payment for Peter Pettigrew: 743.04 USD - 2018-08-20
2018-10-20 21:27:40,698, payers : add payment for Chandler Bing: 193.77 USD - 2018-08-20
2018-10-20 21:27:40,698, payers : add payment for Lucius Malfoy: 869.53 EUR - 2018-08-22
2018-10-20 21:27:40,698, payers : add payment for Hermione Granger: 589.48 USD - 2018-08-22
2018-10-20 21:27:40,699, payers : add payment for Narcissa Malfoy: 742.44 USD - 2018-08-22
2018-10-20 21:27:40,699, payers : add payment for Bellatrix Lestrange: 59.13 USD - 2018-08-22
2018-10-20 21:27:40,699, payers : add payment for Joseph Tribbiani: 178.4 USD - 2018-08-22
2018-10-20 21:27:40,699, payers : add payment for Phoebe Buffay: 138 USD - 2018-08-22
2018-10-20 21:27:40,699, payers : add payment for Dolores Umbridge: 124.67 USD - 2018-08-22
2018-10-20 21:27:40,699, payers : add payment for Rubeus Hagrid: 191 EUR - 2018-08-22
2018-10-20 21:27:40,699, payers : add payment for Severus Snape: 24 USD - 2018-08-22
2018-10-20 21:27:40,699, payers : add payment for Bellatrix Lestrange: 969.37 EUR - 2018-08-22
2018-10-20 21:27:40,699, payers : add payment for Petunia Dursley: 165.65 EUR - 2018-08-22
2018-10-20 21:27:40,699, payers : add payment for Sirius Black: 829.91 USD - 2018-08-22
2018-10-20 21:27:40,699, payers : add payment for Rachel Green: 209.06 USD - 2018-08-22
2018-10-20 21:27:40,699, payers : add payment for Dolores Umbridge: 164.17 USD - 2018-08-22
2018-10-20 21:27:40,699, payers : add payment for Ginny Weasley: 775 USD - 2018-08-22
2018-10-20 21:27:40,700, payers : add payment for Draco Malfoy: 566.22 EUR - 2018-08-22
2018-10-20 21:27:40,700, payers : add payment for Vernon Dursley: 522.81 USD - 2018-08-22
2018-10-20 21:27:40,700, payers : add payment for Draco Malfoy: 447.0 USD - 2018-08-22
2018-10-20 21:27:40,700, payers : add payment for Sirius Black: 29.96 USD - 2018-08-22
2018-10-20 21:27:40,700, payers : add payment for Remus Lupin: 765 EUR - 2018-08-22
2018-10-20 21:27:40,700, payers : add payment for Phoebe Buffay: 281 USD - 2018-08-22
2018-10-20 21:27:40,700, payers : add payment for Joseph Tribbiani: 75.58 USD - 2018-08-22
2018-10-20 21:27:40,700, payers : add payment for Sirius Black: 59.59 EUR - 2018-08-22
2018-10-20 21:27:40,700, payers : add payment for Dolores Umbridge: 946.63 USD - 2018-08-22
2018-10-20 21:27:40,700, payers : add payment for Molly Weasley: 266.11 USD - 2018-08-22
2018-10-20 21:27:40,700, payers : add payment for Ron Weasley: 413.15 USD - 2018-08-22
2018-10-20 21:27:40,700, payers : add payment for Draco Malfoy: 60.16 USD - 2018-08-22
2018-10-20 21:27:40,700, payers : add payment for Bellatrix Lestrange: 990 USD - 2018-08-22
2018-10-20 21:27:40,700, payers : add payment for Draco Malfoy: 493 USD - 2018-08-22
2018-10-20 21:27:40,701, payers : add payment for Rachel Green: 879.33 USD - 2018-08-22
2018-10-20 21:27:40,701, payers : add payment for Joseph Tribbiani: 199.88 USD - 2018-08-22
2018-10-20 21:27:40,701, payers : add payment for Sirius Black: 685 EUR - 2018-08-22
2018-10-20 21:27:40,701, payers : add payment for Bellatrix Lestrange: 484.79 EUR - 2018-08-22
2018-10-20 21:27:40,701, payers : add payment for Peter Pettigrew: 50 EUR - 2018-08-22
2018-10-20 21:27:40,701, payers : add payment for Remus Lupin: 407.4 USD - 2018-08-22
2018-10-20 21:27:40,701, payers : add payment for Sirius Black: 481 USD - 2018-08-22
2018-10-20 21:27:40,701, payers : add payment for Sirius Black: 50.16 USD - 2018-08-22
2018-10-20 21:27:40,701, payers : add payment for Dolores Umbridge: 189.13 EUR - 2018-08-22
2018-10-20 21:27:40,701, payers : add payment for Draco Malfoy: 336 USD - 2018-08-22
2018-10-20 21:27:40,701, payers : add payment for Draco Malfoy: 556 USD - 2018-08-22
2018-10-20 21:27:40,701, payers : add payment for Peter Pettigrew: 769.71 EUR - 2018-08-22
2018-10-20 21:27:40,701, payers : add payment for Narcissa Malfoy: 825.22 USD - 2018-08-22
2018-10-20 21:27:40,701, payers : add payment for Ron Weasley: 371.55 USD - 2018-08-22
2018-10-20 21:27:40,701, payers : add payment for Ron Weasley: 608.74 USD - 2018-08-22
2018-10-20 21:27:40,702, payers : add payment for Ron Weasley: 576.53 USD - 2018-08-22
2018-10-20 21:27:40,702, payers : add payment for Rachel Green: 792.77 USD - 2018-08-22
2018-10-20 21:27:40,702, payers : add payment for Dolores Umbridge: 581.94 EUR - 2018-08-22
2018-10-20 21:27:40,702, payers : add payment for Molly Weasley: 747.15 USD - 2018-08-22
2018-10-20 21:27:40,702, payers : add payment for Narcissa Malfoy: 171.22 USD - 2018-08-22
2018-10-20 21:27:40,702, payers : add payment for Ginny Weasley: 461 USD - 2018-08-22
2018-10-20 21:27:40,702, payers : add payment for Phoebe Buffay: 370.2 USD - 2018-08-22
2018-10-20 21:27:40,702, payers : add payment for Ginny Weasley: 293.21 USD - 2018-08-22
2018-10-20 21:27:40,702, payers : add payment for Ron Weasley: 841.66 EUR - 2018-08-22
2018-10-20 21:27:40,702, payers : add payment for Vernon Dursley: 109.98 USD - 2018-08-22
2018-10-20 21:27:40,702, payers : add payment for Dolores Umbridge: 389.52 USD - 2018-08-22
2018-10-20 21:27:40,702, payers : add payment for Molly Weasley: 89.62 EUR - 2018-08-22
2018-10-20 21:27:40,702, payers : add payment for Narcissa Malfoy: 837 USD - 2018-08-22
2018-10-20 21:27:40,702, payers : add payment for Harry Potter: 568.2 USD - 2018-08-22
2018-10-20 21:27:40,703, payers : add payment for Rachel Green: 470.47 USD - 2018-08-22
2018-10-20 21:27:40,703, payers : add payment for Joseph Tribbiani: 614.27 USD - 2018-08-22
2018-10-20 21:27:40,703, payers : add payment for Ginny Weasley: 870.46 EUR - 2018-08-22
2018-10-20 21:27:40,703, payers : add payment for Ron Weasley: 668.62 USD - 2018-08-22
2018-10-20 21:27:40,703, payers : add payment for Narcissa Malfoy: 751.07 EUR - 2018-08-22
2018-10-20 21:27:40,703, payers : add payment for Molly Weasley: 218 EUR - 2018-08-22
2018-10-20 21:27:40,703, payers : add payment for Phoebe Buffay: 976 USD - 2018-08-22
2018-10-20 21:27:40,703, payers : add payment for Petunia Dursley: 888.46 USD - 2018-08-22
2018-10-20 21:27:40,703, payers : add payment for Phoebe Buffay: 284.23 USD - 2018-08-22
2018-10-20 21:27:40,703, payers : add payment for Rachel Green: 447 USD - 2018-08-22
2018-10-20 21:27:40,703, payers : add payment for Remus Lupin: 508.87 USD - 2018-08-22
2018-10-20 21:27:40,703, payers : add payment for Harry Potter: 469.79 USD - 2018-08-22
2018-10-20 21:27:40,703, payers : add payment for Dolores Umbridge: 82.66 EUR - 2018-08-22
2018-10-20 21:27:40,703, payers : add payment for Harry Potter: 632.14 USD - 2018-08-22
2018-10-20 21:27:40,703, payers : add payment for Petunia Dursley: 781.27 EUR - 2018-08-22
2018-10-20 21:27:40,704, payers : add payment for Vernon Dursley: 703.27 EUR - 2018-08-22
2018-10-20 21:27:40,704, payers : add payment for Bellatrix Lestrange: 460.75 USD - 2018-08-22
2018-10-20 21:27:40,704, payers : add payment for Lucius Malfoy: 444.99 EUR - 2018-08-22
2018-10-20 21:27:40,704, payers : add payment for Petunia Dursley: 783.3 USD - 2018-08-22
2018-10-20 21:27:40,704, payers : add payment for Dolores Umbridge: 289.28 EUR - 2018-08-22
2018-10-20 21:27:40,704, payers : add payment for Sirius Black: 762.86 USD - 2018-08-22
2018-10-20 21:27:40,704, payers : add payment for Harry Potter: 458 EUR - 2018-08-22
2018-10-20 21:27:40,704, payers : add payment for Hermione Granger: 773.99 EUR - 2018-08-22
2018-10-20 21:27:40,704, payers : add payment for Ron Weasley: 263 USD - 2018-08-22
2018-10-20 21:27:40,704, payers : add payment for Phoebe Buffay: 758.61 USD - 2018-08-22
2018-10-20 21:27:40,704, payers : add payment for Rubeus Hagrid: 19 EUR - 2018-08-22
2018-10-20 21:27:40,704, payers : add payment for Harry Potter: 757.06 USD - 2018-08-22
2018-10-20 21:27:40,704, payers : add payment for Ginny Weasley: 536.95 USD - 2018-08-22
2018-10-20 21:27:40,704, payers : add payment for Peter Pettigrew: 661.62 USD - 2018-08-22
2018-10-20 21:27:40,704, payers : add payment for Rachel Green: 426.72 USD - 2018-08-22
2018-10-20 21:27:40,704, payers : add payment for Ginny Weasley: 454 USD - 2018-08-22
2018-10-20 21:27:40,705, payers : add payment for Vernon Dursley: 596.71 USD - 2018-08-22
2018-10-20 21:27:40,705, payers : add payment for Bellatrix Lestrange: 591.72 EUR - 2018-08-22
2018-10-20 21:27:40,705, payers : add payment for Ron Weasley: 328.39 EUR - 2018-08-22
2018-10-20 21:27:40,705, payers : add payment for Peter Pettigrew: 434.56 USD - 2018-08-22
2018-10-20 21:27:40,705, payers : add payment for Rachel Green: 195 USD - 2018-08-22
2018-10-20 21:27:40,705, payers : add payment for Dolores Umbridge: 772.24 USD - 2018-08-22
2018-10-20 21:27:40,705, payers : add payment for Peter Pettigrew: 856.01 USD - 2018-08-22
2018-10-20 21:27:40,705, payers : add payment for Dolores Umbridge: 620 EUR - 2018-08-22
2018-10-20 21:27:40,705, payers : add payment for Vernon Dursley: 945.47 USD - 2018-08-22
2018-10-20 21:27:40,705, payers : add payment for Lucius Malfoy: 682.28 USD - 2018-08-22
2018-10-20 21:27:40,705, payers : add payment for Draco Malfoy: 164 USD - 2018-08-22
2018-10-20 21:27:40,705, payers : add payment for Peter Pettigrew: 850 USD - 2018-08-22
2018-10-20 21:27:40,705, payers : add payment for Hermione Granger: 442.4 EUR - 2018-08-22
2018-10-20 21:27:40,705, payers : add payment for Peter Pettigrew: 275 USD - 2018-08-22
2018-10-20 21:27:40,706, payers : add payment for Joseph Tribbiani: 550.82 USD - 2018-08-22
2018-10-20 21:27:40,706, payers : add payment for Ginny Weasley: 139.12 EUR - 2018-08-22
2018-10-20 21:27:40,706, payers : add payment for Sirius Black: 464 USD - 2018-08-24
2018-10-20 21:27:40,706, payers : add payment for Hermione Granger: 958.86 USD - 2018-08-24
2018-10-20 21:27:40,706, payers : add payment for Rachel Green: 246.16 USD - 2018-08-24
2018-10-20 21:27:40,706, payers : add payment for Dolores Umbridge: 111 USD - 2018-08-24
2018-10-20 21:27:40,706, payers : add payment for Joseph Tribbiani: 711.59 USD - 2018-08-24
2018-10-20 21:27:40,706, payers : add payment for Phoebe Buffay: 851.96 EUR - 2018-08-24
2018-10-20 21:27:40,706, payers : add payment for Harry Potter: 954 USD - 2018-08-24
2018-10-20 21:27:40,706, payers : add payment for Rubeus Hagrid: 674.75 USD - 2018-08-24
2018-10-20 21:27:40,707, payers : add payment for Petunia Dursley: 150.54 USD - 2018-08-24
2018-10-20 21:27:40,707, payers : add payment for Severus Snape: 725.08 USD - 2018-08-24
2018-10-20 21:27:40,707, payers : add payment for Rubeus Hagrid: 321.25 USD - 2018-08-24
2018-10-20 21:27:40,707, payers : add payment for Albus Dumbledore: 554.21 USD - 2018-08-24
2018-10-20 21:27:40,707, payers : add payment for Rubeus Hagrid: 387.35 USD - 2018-08-24
2018-10-20 21:27:40,707, payers : add payment for Rubeus Hagrid: 862.12 USD - 2018-08-24
2018-10-20 21:27:40,707, payers : add payment for Rubeus Hagrid: 274.51 EUR - 2018-08-24
2018-10-20 21:27:40,707, payers : add payment for Albus Dumbledore: 836.93 USD - 2018-08-24
2018-10-20 21:27:40,707, payers : add payment for Sirius Black: 323.87 USD - 2018-08-24
2018-10-20 21:27:40,707, payers : add payment for Joseph Tribbiani: 771.54 USD - 2018-08-24
2018-10-20 21:27:40,707, payers : add payment for Peter Pettigrew: 410.1 USD - 2018-08-24
2018-10-20 21:27:40,708, payers : add payment for Narcissa Malfoy: 521.34 USD - 2018-08-24
2018-10-20 21:27:40,708, payers : add payment for Petunia Dursley: 876.23 EUR - 2018-08-24
2018-10-20 21:27:40,708, payers : add payment for Phoebe Buffay: 322.94 EUR - 2018-08-24
2018-10-20 21:27:40,708, payers : add payment for Hermione Granger: 916.56 EUR - 2018-08-24
2018-10-20 21:27:40,708, payers : add payment for Narcissa Malfoy: 837 USD - 2018-08-24
2018-10-20 21:27:40,708, payers : add payment for Narcissa Malfoy: 552 USD - 2018-08-24
2018-10-20 21:27:40,708, payers : add payment for Rachel Green: 553.04 USD - 2018-08-24
2018-10-20 21:27:40,708, payers : add payment for Petunia Dursley: 142 USD - 2018-08-24
2018-10-20 21:27:40,708, payers : add payment for Narcissa Malfoy: 406.97 USD - 2018-08-24
2018-10-20 21:27:40,708, payers : add payment for Harry Potter: 999 EUR - 2018-08-24
2018-10-20 21:27:40,708, payers : add payment for Petunia Dursley: 781 EUR - 2018-08-24
2018-10-20 21:27:40,708, payers : add payment for Narcissa Malfoy: 674.5 USD - 2018-08-24
2018-10-20 21:27:40,708, payers : add payment for Harry Potter: 944.05 EUR - 2018-08-24
2018-10-20 21:27:40,709, payers : add payment for Peter Pettigrew: 284 USD - 2018-08-24
2018-10-20 21:27:40,709, payers : add payment for Rachel Green: 471.54 EUR - 2018-08-24
2018-10-20 21:27:40,709, payers : add payment for Peter Pettigrew: 212 USD - 2018-08-24
2018-10-20 21:27:40,709, payers : add payment for Narcissa Malfoy: 969.06 USD - 2018-08-24
2018-10-20 21:27:40,709, payers : add payment for Ginny Weasley: 155 EUR - 2018-08-24
2018-10-20 21:27:40,709, payers : add payment for Rachel Green: 158.34 USD - 2018-08-24
2018-10-20 21:27:40,709, payers : add payment for Joseph Tribbiani: 618.22 USD - 2018-08-24
2018-10-20 21:27:40,709, payers : add payment for Petunia Dursley: 354.88 USD - 2018-08-24
2018-10-20 21:27:40,709, payers : add payment for Severus Snape: 877.65 EUR - 2018-08-24
2018-10-20 21:27:40,709, payers : add payment for Harry Potter: 979.18 USD - 2018-08-24
2018-10-20 21:27:40,709, payers : add payment for Petunia Dursley: 853.87 EUR - 2018-08-24
2018-10-20 21:27:40,709, payers : add payment for Harry Potter: 318.16 EUR - 2018-08-24
2018-10-20 21:27:40,709, payers : add payment for Harry Potter: 223 EUR - 2018-08-24
2018-10-20 21:27:40,709, payers : add payment for Severus Snape: 738.67 USD - 2018-08-24
2018-10-20 21:27:40,710, payers : add payment for Dolores Umbridge: 357.86 USD - 2018-08-24
2018-10-20 21:27:40,710, payers : add payment for Narcissa Malfoy: 542.01 EUR - 2018-08-24
2018-10-20 21:27:40,710, payers : add payment for Severus Snape: 727.49 EUR - 2018-08-24
2018-10-20 21:27:40,710, payers : add payment for Ginny Weasley: 940.91 USD - 2018-08-24
2018-10-20 21:27:40,710, payers : add payment for Dolores Umbridge: 901 USD - 2018-08-24
2018-10-20 21:27:40,710, payers : add payment for Ginny Weasley: 617.79 EUR - 2018-08-24
2018-10-20 21:27:40,710, payers : add payment for Joseph Tribbiani: 727.48 USD - 2018-08-24
2018-10-20 21:27:40,710, payers : add payment for Rachel Green: 837 USD - 2018-08-24
2018-10-20 21:27:40,710, payers : add payment for Hermione Granger: 662.98 EUR - 2018-08-24
2018-10-20 21:27:40,710, payers : add payment for Dolores Umbridge: 102.94 USD - 2018-08-24
2018-10-20 21:27:40,710, payers : add payment for Rubeus Hagrid: 805 USD - 2018-08-24
2018-10-20 21:27:40,710, payers : add payment for Joseph Tribbiani: 414.62 EUR - 2018-08-24
2018-10-20 21:27:40,711, payers : add payment for Severus Snape: 764.01 USD - 2018-08-24
2018-10-20 21:27:40,711, payers : add payment for Narcissa Malfoy: 841.76 USD - 2018-08-24
2018-10-20 21:27:40,711, payers : add payment for Sirius Black: 186 USD - 2018-08-24
2018-10-20 21:27:40,711, payers : add payment for Hermione Granger: 57.16 USD - 2018-08-24
2018-10-20 21:27:40,711, payers : add payment for Harry Potter: 473 USD - 2018-08-24
2018-10-20 21:27:40,711, payers : add payment for Rachel Green: 605.81 USD - 2018-08-24
2018-10-20 21:27:40,711, payers : add payment for Albus Dumbledore: 255.44 USD - 2018-08-24
2018-10-20 21:27:40,711, payers : add payment for Harry Potter: 33 EUR - 2018-08-24
2018-10-20 21:27:40,711, payers : add payment for Phoebe Buffay: 951 USD - 2018-08-24
2018-10-20 21:27:40,711, payers : add payment for Hermione Granger: 36.65 USD - 2018-08-24
2018-10-20 21:27:40,711, payers : add payment for Ginny Weasley: 644.84 USD - 2018-08-24
2018-10-20 21:27:40,712, payers : add payment for Petunia Dursley: 254.73 EUR - 2018-08-24
2018-10-20 21:27:40,712, payers : add payment for Rubeus Hagrid: 19.45 USD - 2018-08-24
2018-10-20 21:27:40,712, payers : add payment for Harry Potter: 33.93 USD - 2018-08-24
2018-10-20 21:27:40,712, payers : add payment for Sirius Black: 626.97 USD - 2018-08-24
2018-10-20 21:27:40,712, payers : add payment for Joseph Tribbiani: 306.09 USD - 2018-08-24
2018-10-20 21:27:40,712, payers : add payment for Rubeus Hagrid: 154 USD - 2018-08-24
2018-10-20 21:27:40,712, payers : add payment for Ginny Weasley: 716.13 EUR - 2018-08-24
2018-10-20 21:27:40,712, payers : add payment for Sirius Black: 833.13 EUR - 2018-08-24
2018-10-20 21:27:40,712, payers : add payment for Rubeus Hagrid: 81.7 USD - 2018-08-24
2018-10-20 21:27:40,712, payers : add payment for Peter Pettigrew: 333.73 USD - 2018-08-24
2018-10-20 21:27:40,712, payers : add payment for Sirius Black: 79 USD - 2018-08-24
2018-10-20 21:27:40,713, payers : add payment for Phoebe Buffay: 833 USD - 2018-08-24
2018-10-20 21:27:40,713, payers : add payment for Joseph Tribbiani: 788.21 USD - 2018-08-24
2018-10-20 21:27:40,713, payers : add payment for Sirius Black: 89.39 USD - 2018-08-24
2018-10-20 21:27:40,713, payers : add payment for Joseph Tribbiani: 258.38 USD - 2018-08-24
2018-10-20 21:27:40,713, payers : add payment for Ginny Weasley: 751.7 USD - 2018-08-24
2018-10-20 21:27:40,713, payers : add payment for Ginny Weasley: 617.59 USD - 2018-08-24
2018-10-20 21:27:40,713, payers : add payment for Ginny Weasley: 56.46 EUR - 2018-08-24
2018-10-20 21:27:40,713, payers : add payment for Phoebe Buffay: 933.15 USD - 2018-08-24
2018-10-20 21:27:40,713, payers : add payment for Harry Potter: 413 USD - 2018-08-24
2018-10-20 21:27:40,713, payers : add payment for Petunia Dursley: 343.47 USD - 2018-08-24
2018-10-20 21:27:40,713, payers : add payment for Peter Pettigrew: 265.53 USD - 2018-08-24
2018-10-20 21:27:40,713, payers : add payment for Rubeus Hagrid: 900.99 USD - 2018-08-24
2018-10-20 21:27:40,713, payers : add payment for Severus Snape: 468 USD - 2018-08-24
2018-10-20 21:27:40,713, payers : add payment for Ginny Weasley: 564 USD - 2018-08-24
2018-10-20 21:27:40,714, payers : add payment for Sirius Black: 642.94 USD - 2018-08-24
2018-10-20 21:27:40,714, payers : add payment for Petunia Dursley: 836.22 EUR - 2018-08-24
2018-10-20 21:27:40,714, payers : add payment for Hermione Granger: 592.0 USD - 2018-08-24
2018-10-20 21:27:40,714, payers : add payment for Rubeus Hagrid: 690.23 USD - 2018-08-24
2018-10-20 21:27:40,714, payers : add payment for Sirius Black: 986.74 USD - 2018-08-24
2018-10-20 21:27:40,714, payers : add payment for Rachel Green: 797 USD - 2018-08-24
2018-10-20 21:27:40,714, payers : add payment for Dolores Umbridge: 514.25 USD - 2018-08-24
2018-10-20 21:27:40,714, payers : add payment for Rubeus Hagrid: 175.5 USD - 2018-08-24
2018-10-20 21:27:40,714, payers : add payment for Hermione Granger: 77.13 USD - 2018-08-24
2018-10-20 21:27:40,714, payers : add payment for Narcissa Malfoy: 862.62 USD - 2018-08-24
2018-10-20 21:27:40,714, payers : add payment for Phoebe Buffay: 476.36 USD - 2018-08-24
2018-10-20 21:27:40,714, payers : add payment for Petunia Dursley: 757.57 EUR - 2018-08-24
2018-10-20 21:27:40,715, payers : add payment for Rachel Green: 207 USD - 2018-08-24
2018-10-20 21:27:40,715, payers : add payment for Dolores Umbridge: 337 USD - 2018-08-24
2018-10-20 21:27:40,715, payers : add payment for Phoebe Buffay: 494 USD - 2018-08-24
2018-10-20 21:27:40,715, payers : add payment for Albus Dumbledore: 912.18 USD - 2018-08-24
2018-10-20 21:27:40,715, payers : add payment for Joseph Tribbiani: 969.16 EUR - 2018-08-24
2018-10-20 21:27:40,715, payers : add payment for Ginny Weasley: 80 EUR - 2018-08-24
2018-10-20 21:27:40,715, payers : add payment for Albus Dumbledore: 164.18 USD - 2018-08-24
2018-10-20 21:27:40,715, payers : add payment for Rachel Green: 670.56 USD - 2018-08-24
2018-10-20 21:27:40,715, payers : add payment for Phoebe Buffay: 590 EUR - 2018-08-24
2018-10-20 21:27:40,715, payers : add payment for Harry Potter: 635.08 USD - 2018-08-24
2018-10-20 21:27:40,715, payers : add payment for Sirius Black: 693.67 EUR - 2018-08-24
2018-10-20 21:27:40,715, payers : add payment for Petunia Dursley: 326.47 USD - 2018-08-24
2018-10-20 21:27:40,715, payers : add payment for Rubeus Hagrid: 947 USD - 2018-08-24
2018-10-20 21:27:40,715, payers : add payment for Joseph Tribbiani: 709.59 USD - 2018-08-24
2018-10-20 21:27:40,716, payers : add payment for Rubeus Hagrid: 479.85 USD - 2018-08-24
2018-10-20 21:27:40,716, payers : add payment for Rachel Green: 639.54 USD - 2018-08-24
2018-10-20 21:27:40,716, payers : add payment for Dolores Umbridge: 129 USD - 2018-08-24
2018-10-20 21:27:40,716, payers : add payment for Harry Potter: 894.86 USD - 2018-08-24
2018-10-20 21:27:40,716, payers : add payment for Joseph Tribbiani: 391 USD - 2018-08-24
2018-10-20 21:27:40,716, payers : add payment for Joseph Tribbiani: 834.97 USD - 2018-08-24
2018-10-20 21:27:40,716, payers : add payment for Albus Dumbledore: 87.04 USD - 2018-08-24
2018-10-20 21:27:40,716, payers : add payment for Albus Dumbledore: 852.03 EUR - 2018-08-24
2018-10-20 21:27:40,716, payers : add payment for Joseph Tribbiani: 394 USD - 2018-08-24
2018-10-20 21:27:40,716, payers : add payment for Severus Snape: 63.6 USD - 2018-08-24
2018-10-20 21:27:40,716, payers : add payment for Phoebe Buffay: 12.01 USD - 2018-08-24
2018-10-20 21:27:40,716, payers : add payment for Dolores Umbridge: 500.27 USD - 2018-08-24
2018-10-20 21:27:40,717, payers : add payment for Dolores Umbridge: 36 USD - 2018-08-24
2018-10-20 21:27:40,717, payers : add payment for Petunia Dursley: 894.76 EUR - 2018-08-24
2018-10-20 21:27:40,717, payers : add payment for Severus Snape: 374.24 USD - 2018-08-24
2018-10-20 21:27:40,717, payers : add payment for Hermione Granger: 122.99 EUR - 2018-08-24
2018-10-20 21:27:40,717, payers : add payment for Rubeus Hagrid: 338.51 USD - 2018-08-24
2018-10-20 21:27:40,717, payers : add payment for Rachel Green: 717.28 USD - 2018-08-24
2018-10-20 21:27:40,717, payers : add payment for Sirius Black: 149.73 EUR - 2018-08-24
2018-10-20 21:27:40,717, payers : add payment for Sirius Black: 202.73 EUR - 2018-08-24
2018-10-20 21:27:40,717, payers : add payment for Sirius Black: 324.34 EUR - 2018-08-24
2018-10-20 21:27:40,717, payers : add payment for Rubeus Hagrid: 192.77 USD - 2018-08-24
2018-10-20 21:27:40,717, payers : add payment for Phoebe Buffay: 73.81 EUR - 2018-08-24
2018-10-20 21:27:40,717, payers : add payment for Peter Pettigrew: 462 EUR - 2018-08-23
2018-10-20 21:27:40,717, payers : add payment for Petunia Dursley: 191.43 USD - 2018-08-23
2018-10-20 21:27:40,718, payers : add payment for Peter Pettigrew: 495.88 USD - 2018-08-23
2018-10-20 21:27:40,718, payers : add payment for Phoebe Buffay: 743.94 USD - 2018-08-23
2018-10-20 21:27:40,718, payers : add payment for Ron Weasley: 87.98 USD - 2018-08-23
2018-10-20 21:27:40,718, payers : add payment for Rubeus Hagrid: 564.34 USD - 2018-08-23
2018-10-20 21:27:40,718, payers : add payment for Narcissa Malfoy: 358.4 USD - 2018-08-23
2018-10-20 21:27:40,718, payers : add payment for Peter Pettigrew: 664 USD - 2018-08-23
2018-10-20 21:27:40,718, payers : add payment for Harry Potter: 649.06 USD - 2018-08-23
2018-10-20 21:27:40,718, payers : add payment for Rubeus Hagrid: 57.53 USD - 2018-08-23
2018-10-20 21:27:40,718, payers : add payment for Dolores Umbridge: 233.93 USD - 2018-08-23
2018-10-20 21:27:40,718, payers : add payment for Ron Weasley: 509.08 USD - 2018-08-23
2018-10-20 21:27:40,718, payers : add payment for Joseph Tribbiani: 598.03 EUR - 2018-08-23
2018-10-20 21:27:40,718, payers : add payment for Vernon Dursley: 413 EUR - 2018-08-23
2018-10-20 21:27:40,718, payers : add payment for Dolores Umbridge: 855.75 USD - 2018-08-23
2018-10-20 21:27:40,718, payers : add payment for Hermione Granger: 301.62 USD - 2018-08-23
2018-10-20 21:27:40,719, payers : add payment for Phoebe Buffay: 505.58 USD - 2018-08-23
2018-10-20 21:27:40,719, payers : add payment for Albus Dumbledore: 449.01 USD - 2018-08-23
2018-10-20 21:27:40,719, payers : add payment for Ron Weasley: 915.09 EUR - 2018-08-23
2018-10-20 21:27:40,719, payers : add payment for Severus Snape: 707.75 USD - 2018-08-23
2018-10-20 21:27:40,719, payers : add payment for Peter Pettigrew: 782.21 USD - 2018-08-23
2018-10-20 21:27:40,719, payers : add payment for Ron Weasley: 675.13 USD - 2018-08-23
2018-10-20 21:27:40,719, payers : add payment for Ginny Weasley: 779.12 EUR - 2018-08-23
2018-10-20 21:27:40,719, payers : add payment for Dolores Umbridge: 905.69 EUR - 2018-08-23
2018-10-20 21:27:40,719, payers : add payment for Severus Snape: 32.86 USD - 2018-08-23
2018-10-20 21:27:40,719, payers : add payment for Sirius Black: 33.26 USD - 2018-08-23
2018-10-20 21:27:40,719, payers : add payment for Vernon Dursley: 866.88 USD - 2018-08-23
2018-10-20 21:27:40,719, payers : add payment for Vernon Dursley: 609 EUR - 2018-08-23
2018-10-20 21:27:40,719, payers : add payment for Dolores Umbridge: 888.89 USD - 2018-08-23
2018-10-20 21:27:40,719, payers : add payment for Narcissa Malfoy: 990.27 USD - 2018-08-23
2018-10-20 21:27:40,720, payers : add payment for Harry Potter: 799.71 USD - 2018-08-23
2018-10-20 21:27:40,720, payers : add payment for Severus Snape: 785.2 USD - 2018-08-23
2018-10-20 21:27:40,720, payers : add payment for Peter Pettigrew: 510 EUR - 2018-08-23
2018-10-20 21:27:40,720, payers : add payment for Narcissa Malfoy: 25.51 USD - 2018-08-23
2018-10-20 21:27:40,720, payers : add payment for Narcissa Malfoy: 462.64 USD - 2018-08-23
2018-10-20 21:27:40,720, payers : add payment for Albus Dumbledore: 586.33 EUR - 2018-08-23
2018-10-20 21:27:40,720, payers : add payment for Severus Snape: 942.56 USD - 2018-08-23
2018-10-20 21:27:40,720, payers : add payment for Ron Weasley: 651 USD - 2018-08-23
2018-10-20 21:27:40,720, payers : add payment for Ron Weasley: 679.23 USD - 2018-08-23
2018-10-20 21:27:40,720, payers : add payment for Peter Pettigrew: 389 EUR - 2018-08-23
2018-10-20 21:27:40,720, payers : add payment for Sirius Black: 10.18 EUR - 2018-08-23
2018-10-20 21:27:40,720, payers : add payment for Sirius Black: 653.66 USD - 2018-08-23
2018-10-20 21:27:40,720, payers : add payment for Hermione Granger: 544.86 USD - 2018-08-23
2018-10-20 21:27:40,720, payers : add payment for Severus Snape: 112.93 USD - 2018-08-23
2018-10-20 21:27:40,720, payers : add payment for Rachel Green: 613.08 USD - 2018-08-23
2018-10-20 21:27:40,720, payers : add payment for Lucius Malfoy: 767.67 USD - 2018-08-23
2018-10-20 21:27:40,721, payers : add payment for Peter Pettigrew: 326 EUR - 2018-08-23
2018-10-20 21:27:40,721, payers : add payment for Rubeus Hagrid: 529.53 EUR - 2018-08-23
2018-10-20 21:27:40,721, payers : add payment for Ginny Weasley: 314.8 USD - 2018-08-23
2018-10-20 21:27:40,721, payers : add payment for Ron Weasley: 636.88 USD - 2018-08-23
2018-10-20 21:27:40,721, payers : add payment for Peter Pettigrew: 255.46 USD - 2018-08-23
2018-10-20 21:27:40,721, payers : add payment for Peter Pettigrew: 837.58 USD - 2018-08-23
2018-10-20 21:27:40,721, payers : add payment for Peter Pettigrew: 490 EUR - 2018-08-23
2018-10-20 21:27:40,721, payers : add payment for Petunia Dursley: 19.34 USD - 2018-08-23
2018-10-20 21:27:40,721, payers : add payment for Petunia Dursley: 287 USD - 2018-08-23
2018-10-20 21:27:40,721, payers : add payment for Joseph Tribbiani: 825.53 USD - 2018-08-23
2018-10-20 21:27:40,721, payers : add payment for Albus Dumbledore: 72.09 USD - 2018-08-23
2018-10-20 21:27:40,721, payers : add payment for Dolores Umbridge: 849.15 EUR - 2018-08-23
2018-10-20 21:27:40,721, payers : add payment for Rubeus Hagrid: 677 USD - 2018-08-23
2018-10-20 21:27:40,721, payers : add payment for Rachel Green: 739.82 USD - 2018-08-23
2018-10-20 21:27:40,721, payers : add payment for Ron Weasley: 511 USD - 2018-08-23
2018-10-20 21:27:40,722, payers : add payment for Joseph Tribbiani: 41.66 USD - 2018-08-23
2018-10-20 21:27:40,722, payers : add payment for Ginny Weasley: 151 USD - 2018-08-23
2018-10-20 21:27:40,722, payers : add payment for Albus Dumbledore: 191.91 EUR - 2018-08-23
2018-10-20 21:27:40,722, payers : add payment for Ginny Weasley: 680.69 EUR - 2018-08-23
2018-10-20 21:27:40,722, payers : add payment for Ron Weasley: 861 USD - 2018-08-23
2018-10-20 21:27:40,722, payers : add payment for Phoebe Buffay: 311.42 EUR - 2018-08-23
2018-10-20 21:27:40,722, payers : add payment for Ginny Weasley: 266.19 USD - 2018-08-23
2018-10-20 21:27:40,722, payers : add payment for Dolores Umbridge: 699.07 USD - 2018-08-23
2018-10-20 21:27:40,722, payers : add payment for Joseph Tribbiani: 82.92 USD - 2018-08-23
2018-10-20 21:27:40,722, payers : add payment for Vernon Dursley: 541 USD - 2018-08-23
2018-10-20 21:27:40,722, payers : add payment for Albus Dumbledore: 92.89 EUR - 2018-08-23
2018-10-20 21:27:40,722, payers : add payment for Vernon Dursley: 777.26 USD - 2018-08-23
2018-10-20 21:27:40,722, payers : add payment for Harry Potter: 176.36 USD - 2018-08-23
2018-10-20 21:27:40,722, payers : add payment for Narcissa Malfoy: 826.08 USD - 2018-08-23
2018-10-20 21:27:40,723, payers : add payment for Lucius Malfoy: 381.35 EUR - 2018-08-23
2018-10-20 21:27:40,723, payers : add payment for Vernon Dursley: 543.76 USD - 2018-08-23
2018-10-20 21:27:40,723, payers : add payment for Petunia Dursley: 640.02 EUR - 2018-08-23
2018-10-20 21:27:40,723, payers : add payment for Vernon Dursley: 676 EUR - 2018-08-23
2018-10-20 21:27:40,723, payers : add payment for Ginny Weasley: 873 EUR - 2018-08-23
2018-10-20 21:27:40,723, payers : add payment for Severus Snape: 274 USD - 2018-08-23
2018-10-20 21:27:40,723, payers : add payment for Rubeus Hagrid: 468.03 EUR - 2018-08-23
2018-10-20 21:27:40,723, payers : add payment for Dolores Umbridge: 948 EUR - 2018-08-23
2018-10-20 21:27:40,723, payers : add payment for Petunia Dursley: 951 EUR - 2018-08-23
2018-10-20 21:27:40,723, payers : add payment for Severus Snape: 250.29 USD - 2018-08-23
2018-10-20 21:27:40,723, payers : add payment for Petunia Dursley: 240.87 USD - 2018-08-23
2018-10-20 21:27:40,723, payers : add payment for Peter Pettigrew: 952 EUR - 2018-08-23
2018-10-20 21:27:40,723, payers : add payment for Lucius Malfoy: 90.02 USD - 2018-08-23
2018-10-20 21:27:40,723, payers : add payment for Petunia Dursley: 48.24 USD - 2018-08-23
2018-10-20 21:27:40,723, payers : add payment for Albus Dumbledore: 118 USD - 2018-08-23
2018-10-20 21:27:40,723, payers : add payment for Albus Dumbledore: 461.86 USD - 2018-08-23
2018-10-20 21:27:40,724, payers : add payment for Ginny Weasley: 845.53 USD - 2018-08-23
2018-10-20 21:27:40,724, payers : add payment for Severus Snape: 564.08 USD - 2018-08-23
2018-10-20 21:27:40,724, payers : add payment for Phoebe Buffay: 240.04 USD - 2018-08-23
2018-10-20 21:27:40,724, payers : add payment for Severus Snape: 515.42 USD - 2018-08-23
2018-10-20 21:27:40,724, payers : add payment for Ron Weasley: 47.72 USD - 2018-08-23
2018-10-20 21:27:40,724, payers : add payment for Joseph Tribbiani: 375.38 EUR - 2018-08-23
2018-10-20 21:27:40,724, payers : add payment for Lucius Malfoy: 592.01 USD - 2018-08-23
2018-10-20 21:27:40,724, payers : add payment for Narcissa Malfoy: 689 USD - 2018-08-23
2018-10-20 21:27:40,724, payers : add payment for Narcissa Malfoy: 925 EUR - 2018-08-23
2018-10-20 21:27:40,724, payers : add payment for Narcissa Malfoy: 439.11 EUR - 2018-08-23
2018-10-20 21:27:40,724, payers : add payment for Joseph Tribbiani: 410.68 USD - 2018-08-23
2018-10-20 21:27:40,724, payers : add payment for Ron Weasley: 641 EUR - 2018-08-23
2018-10-20 21:27:40,724, payers : add payment for Hermione Granger: 484.04 USD - 2018-08-23
2018-10-20 21:27:40,724, payers : add payment for Sirius Black: 831.24 USD - 2018-08-23
2018-10-20 21:27:40,724, payers : add payment for Rachel Green: 706.13 USD - 2018-08-23
2018-10-20 21:27:40,725, payers : add payment for Severus Snape: 964 USD - 2018-08-23
2018-10-20 21:27:40,725, payers : add payment for Albus Dumbledore: 121.14 USD - 2018-08-23
2018-10-20 21:27:40,725, payers : add payment for Petunia Dursley: 743.1 USD - 2018-08-23
2018-10-20 21:27:40,725, payers : add payment for Rachel Green: 643 USD - 2018-08-23
2018-10-20 21:27:40,725, payers : add payment for Rachel Green: 384.24 USD - 2018-08-23
2018-10-20 21:27:40,725, payers : add payment for Peter Pettigrew: 603 EUR - 2018-08-23
2018-10-20 21:27:40,725, payers : add payment for Lucius Malfoy: 758 EUR - 2018-08-23
2018-10-20 21:27:40,725, payers : add payment for Severus Snape: 337.49 USD - 2018-08-23
2018-10-20 21:27:40,725, payers : add payment for Rachel Green: 124.98 USD - 2018-08-23
2018-10-20 21:27:40,725, payers : add payment for Petunia Dursley: 472.65 USD - 2018-08-23
2018-10-20 21:27:40,725, payers : add payment for Lucius Malfoy: 665 USD - 2018-08-23
2018-10-20 21:27:40,725, payers : add payment for Rubeus Hagrid: 176.33 USD - 2018-08-23
2018-10-20 21:27:40,725, payers : add payment for Rubeus Hagrid: 330.3 USD - 2018-08-23
2018-10-20 21:27:40,725, payers : add payment for Albus Dumbledore: 440.8 USD - 2018-08-23
2018-10-20 21:27:40,725, payers : add payment for Albus Dumbledore: 515.85 USD - 2018-08-23
2018-10-20 21:27:40,726, payers : add payment for Peter Pettigrew: 180.32 USD - 2018-08-23
2018-10-20 21:27:40,726, payers : add payment for Albus Dumbledore: 251.52 USD - 2018-08-23
2018-10-20 21:27:40,726, payers : create file: 1st_lst.txt
2018-10-20 21:27:40,727, payers : create file: 2st_lst.txt
2018-10-20 21:27:40,729, payers : create file: 3st_lst.txt
2018-10-20 21:27:40,730, payers : create file: 4st_lst.txt
2018-10-20 21:27:40,730, payers : Finish work of script
